2024-10-01 19:19:51,934 [Worker-7: Loading available Gradle versions] INFO  o.e.b.c.i.u.g.PublishedGradleVersions - Gradle version information cache is out-of-date. Trying to update.
2024-10-01 19:20:23,927 [Worker-27: Importing Maven projects] INFO  o.e.m.c.i.l.LifecycleMappingFactory - Using org.eclipse.m2e.jdt.JarLifecycleMapping lifecycle mapping for MavenProject: com.infytraining:InfyTraining:0.0.1-SNAPSHOT @ C:\Users\Tariq Naseem\Desktop\Java Lex Projects\Project4_Infy Training\InfyTraining(ScG)_To_Trainee\pom.xml.
2024-10-01 19:20:30,336 [Worker-27: Importing Maven projects] INFO  o.e.m.c.i.embedder.EclipseLogger - Test Source directory: C:\Users\Tariq Naseem\Desktop\Java Lex Projects\Project4_Infy Training\InfyTraining(ScG)_To_Trainee\src\verification\java added.
2024-10-01 19:20:30,943 [Worker-27: Importing Maven projects] INFO  o.e.m.j.i.AbstractJavaProjectConfigurator - Adding source folder /InfyTraining(ScG)_To_Trainee/src/main/java
2024-10-01 19:20:30,948 [Worker-27: Importing Maven projects] INFO  o.e.m.j.i.AbstractJavaProjectConfigurator - Adding resource folder /InfyTraining(ScG)_To_Trainee/src/main/resources
2024-10-01 19:20:30,949 [Worker-27: Importing Maven projects] INFO  o.e.m.j.i.AbstractJavaProjectConfigurator - Adding source folder /InfyTraining(ScG)_To_Trainee/src/test/java
2024-10-01 19:20:30,950 [Worker-27: Importing Maven projects] INFO  o.e.m.j.i.AbstractJavaProjectConfigurator - Adding source folder /InfyTraining(ScG)_To_Trainee/src/verification/java
2024-10-01 19:20:30,952 [Worker-27: Importing Maven projects] INFO  o.e.m.j.i.AbstractJavaProjectConfigurator - Adding resource folder /InfyTraining(ScG)_To_Trainee/src/test/resources
2024-10-01 19:20:30,954 [Worker-27: Importing Maven projects] INFO  o.e.m.j.i.AbstractJavaProjectConfigurator - Adding resource folder /InfyTraining(ScG)_To_Trainee/src/verification/resources
2024-10-01 19:20:31,424 [Worker-27: Importing Maven projects] INFO  o.e.m.c.i.p.ProjectConfigurationManager - Imported and configured 1 project(s) in 21 sec
2024-10-01 19:20:36,791 [Worker-12: Building] WARN  o.a.m.s.f.DefaultMavenResourcesFiltering - Using platform encoding (UTF-8 actually) to copy filtered resources, i.e. build is platform dependent!
2024-10-01 19:20:36,801 [Worker-12: Building] INFO  o.a.m.s.f.DefaultMavenResourcesFiltering - Copying 2 resources from src\main\resources to target\classes
2024-10-01 19:20:36,827 [Worker-12: Building] INFO  o.e.m.c.i.embedder.EclipseLogger - Test Source directory: C:\Users\Tariq Naseem\Desktop\Java Lex Projects\Project4_Infy Training\InfyTraining(ScG)_To_Trainee\src\verification\java added.
2024-10-01 19:20:36,839 [Worker-12: Building] WARN  o.a.m.s.f.DefaultMavenResourcesFiltering - Using platform encoding (UTF-8 actually) to copy filtered resources, i.e. build is platform dependent!
2024-10-01 19:20:36,840 [Worker-12: Building] INFO  o.a.m.s.f.DefaultMavenResourcesFiltering - skip non existing resourceDirectory C:\Users\Tariq Naseem\Desktop\Java Lex Projects\Project4_Infy Training\InfyTraining(ScG)_To_Trainee\src\test\resources
2024-10-01 19:20:36,841 [Worker-12: Building] INFO  o.a.m.s.f.DefaultMavenResourcesFiltering - skip non existing resourceDirectory C:\Users\Tariq Naseem\Desktop\Java Lex Projects\Project4_Infy Training\InfyTraining(ScG)_To_Trainee\src\verification\resources
2024-10-01 19:25:15,027 [Worker-20: Building] WARN  o.a.m.s.f.DefaultMavenResourcesFiltering - Using platform encoding (UTF-8 actually) to copy filtered resources, i.e. build is platform dependent!
2024-10-01 19:25:15,029 [Worker-20: Building] INFO  o.a.m.s.f.DefaultMavenResourcesFiltering - Copying 2 resources from src\main\resources to target\classes
2024-10-01 19:25:15,264 [Worker-20: Building] INFO  o.e.m.c.i.embedder.EclipseLogger - Test Source directory: C:\Users\Tariq Naseem\Desktop\Java Lex Projects\Project4_Infy Training\InfyTraining(ScG)_To_Trainee\src\verification\java added.
2024-10-01 19:25:15,267 [Worker-20: Building] WARN  o.a.m.s.f.DefaultMavenResourcesFiltering - Using platform encoding (UTF-8 actually) to copy filtered resources, i.e. build is platform dependent!
2024-10-01 19:25:15,268 [Worker-20: Building] INFO  o.a.m.s.f.DefaultMavenResourcesFiltering - skip non existing resourceDirectory C:\Users\Tariq Naseem\Desktop\Java Lex Projects\Project4_Infy Training\InfyTraining(ScG)_To_Trainee\src\test\resources
2024-10-01 19:25:15,268 [Worker-20: Building] INFO  o.a.m.s.f.DefaultMavenResourcesFiltering - skip non existing resourceDirectory C:\Users\Tariq Naseem\Desktop\Java Lex Projects\Project4_Infy Training\InfyTraining(ScG)_To_Trainee\src\verification\resources
2024-10-01 19:26:08,057 [Worker-20: Building] WARN  o.a.m.s.f.DefaultMavenResourcesFiltering - Using platform encoding (UTF-8 actually) to copy filtered resources, i.e. build is platform dependent!
2024-10-01 19:26:08,060 [Worker-20: Building] INFO  o.a.m.s.f.DefaultMavenResourcesFiltering - Copying 2 resources from src\main\resources to target\classes
2024-10-01 19:26:08,062 [Worker-20: Building] INFO  o.e.m.c.i.embedder.EclipseLogger - Test Source directory: C:\Users\Tariq Naseem\Desktop\Java Lex Projects\Project4_Infy Training\InfyTraining(ScG)_To_Trainee\src\verification\java added.
2024-10-01 19:26:08,065 [Worker-20: Building] WARN  o.a.m.s.f.DefaultMavenResourcesFiltering - Using platform encoding (UTF-8 actually) to copy filtered resources, i.e. build is platform dependent!
2024-10-01 19:26:08,066 [Worker-20: Building] INFO  o.a.m.s.f.DefaultMavenResourcesFiltering - skip non existing resourceDirectory C:\Users\Tariq Naseem\Desktop\Java Lex Projects\Project4_Infy Training\InfyTraining(ScG)_To_Trainee\src\test\resources
2024-10-01 19:26:08,066 [Worker-20: Building] INFO  o.a.m.s.f.DefaultMavenResourcesFiltering - skip non existing resourceDirectory C:\Users\Tariq Naseem\Desktop\Java Lex Projects\Project4_Infy Training\InfyTraining(ScG)_To_Trainee\src\verification\resources
2024-10-01 19:26:26,880 [Worker-37: Building] WARN  o.a.m.s.f.DefaultMavenResourcesFiltering - Using platform encoding (UTF-8 actually) to copy filtered resources, i.e. build is platform dependent!
2024-10-01 19:26:26,882 [Worker-37: Building] INFO  o.a.m.s.f.DefaultMavenResourcesFiltering - Copying 2 resources from src\main\resources to target\classes
2024-10-01 19:26:26,885 [Worker-37: Building] INFO  o.e.m.c.i.embedder.EclipseLogger - Test Source directory: C:\Users\Tariq Naseem\Desktop\Java Lex Projects\Project4_Infy Training\InfyTraining(ScG)_To_Trainee\src\verification\java added.
2024-10-01 19:26:26,887 [Worker-37: Building] WARN  o.a.m.s.f.DefaultMavenResourcesFiltering - Using platform encoding (UTF-8 actually) to copy filtered resources, i.e. build is platform dependent!
2024-10-01 19:26:26,888 [Worker-37: Building] INFO  o.a.m.s.f.DefaultMavenResourcesFiltering - skip non existing resourceDirectory C:\Users\Tariq Naseem\Desktop\Java Lex Projects\Project4_Infy Training\InfyTraining(ScG)_To_Trainee\src\test\resources
2024-10-01 19:26:26,888 [Worker-37: Building] INFO  o.a.m.s.f.DefaultMavenResourcesFiltering - skip non existing resourceDirectory C:\Users\Tariq Naseem\Desktop\Java Lex Projects\Project4_Infy Training\InfyTraining(ScG)_To_Trainee\src\verification\resources
2024-10-01 19:26:38,571 [Worker-38: Building] WARN  o.a.m.s.f.DefaultMavenResourcesFiltering - Using platform encoding (UTF-8 actually) to copy filtered resources, i.e. build is platform dependent!
2024-10-01 19:26:38,572 [Worker-38: Building] INFO  o.a.m.s.f.DefaultMavenResourcesFiltering - Copying 2 resources from src\main\resources to target\classes
2024-10-01 19:26:38,575 [Worker-38: Building] INFO  o.e.m.c.i.embedder.EclipseLogger - Test Source directory: C:\Users\Tariq Naseem\Desktop\Java Lex Projects\Project4_Infy Training\InfyTraining(ScG)_To_Trainee\src\verification\java added.
2024-10-01 19:26:38,577 [Worker-38: Building] WARN  o.a.m.s.f.DefaultMavenResourcesFiltering - Using platform encoding (UTF-8 actually) to copy filtered resources, i.e. build is platform dependent!
2024-10-01 19:26:38,578 [Worker-38: Building] INFO  o.a.m.s.f.DefaultMavenResourcesFiltering - skip non existing resourceDirectory C:\Users\Tariq Naseem\Desktop\Java Lex Projects\Project4_Infy Training\InfyTraining(ScG)_To_Trainee\src\test\resources
2024-10-01 19:26:38,578 [Worker-38: Building] INFO  o.a.m.s.f.DefaultMavenResourcesFiltering - skip non existing resourceDirectory C:\Users\Tariq Naseem\Desktop\Java Lex Projects\Project4_Infy Training\InfyTraining(ScG)_To_Trainee\src\verification\resources
2024-10-01 19:26:51,541 [Worker-37: Building] WARN  o.a.m.s.f.DefaultMavenResourcesFiltering - Using platform encoding (UTF-8 actually) to copy filtered resources, i.e. build is platform dependent!
2024-10-01 19:26:51,543 [Worker-37: Building] INFO  o.a.m.s.f.DefaultMavenResourcesFiltering - Copying 2 resources from src\main\resources to target\classes
2024-10-01 19:26:51,545 [Worker-37: Building] INFO  o.e.m.c.i.embedder.EclipseLogger - Test Source directory: C:\Users\Tariq Naseem\Desktop\Java Lex Projects\Project4_Infy Training\InfyTraining(ScG)_To_Trainee\src\verification\java added.
2024-10-01 19:26:51,548 [Worker-37: Building] WARN  o.a.m.s.f.DefaultMavenResourcesFiltering - Using platform encoding (UTF-8 actually) to copy filtered resources, i.e. build is platform dependent!
2024-10-01 19:26:51,549 [Worker-37: Building] INFO  o.a.m.s.f.DefaultMavenResourcesFiltering - skip non existing resourceDirectory C:\Users\Tariq Naseem\Desktop\Java Lex Projects\Project4_Infy Training\InfyTraining(ScG)_To_Trainee\src\test\resources
2024-10-01 19:26:51,549 [Worker-37: Building] INFO  o.a.m.s.f.DefaultMavenResourcesFiltering - skip non existing resourceDirectory C:\Users\Tariq Naseem\Desktop\Java Lex Projects\Project4_Infy Training\InfyTraining(ScG)_To_Trainee\src\verification\resources
2024-10-01 19:27:44,711 [Worker-39: Building] WARN  o.a.m.s.f.DefaultMavenResourcesFiltering - Using platform encoding (UTF-8 actually) to copy filtered resources, i.e. build is platform dependent!
2024-10-01 19:27:44,714 [Worker-39: Building] INFO  o.a.m.s.f.DefaultMavenResourcesFiltering - Copying 2 resources from src\main\resources to target\classes
2024-10-01 19:27:44,718 [Worker-39: Building] INFO  o.e.m.c.i.embedder.EclipseLogger - Test Source directory: C:\Users\Tariq Naseem\Desktop\Java Lex Projects\Project4_Infy Training\InfyTraining(ScG)_To_Trainee\src\verification\java added.
2024-10-01 19:27:44,723 [Worker-39: Building] WARN  o.a.m.s.f.DefaultMavenResourcesFiltering - Using platform encoding (UTF-8 actually) to copy filtered resources, i.e. build is platform dependent!
2024-10-01 19:27:44,724 [Worker-39: Building] INFO  o.a.m.s.f.DefaultMavenResourcesFiltering - skip non existing resourceDirectory C:\Users\Tariq Naseem\Desktop\Java Lex Projects\Project4_Infy Training\InfyTraining(ScG)_To_Trainee\src\test\resources
2024-10-01 19:27:44,724 [Worker-39: Building] INFO  o.a.m.s.f.DefaultMavenResourcesFiltering - skip non existing resourceDirectory C:\Users\Tariq Naseem\Desktop\Java Lex Projects\Project4_Infy Training\InfyTraining(ScG)_To_Trainee\src\verification\resources
2024-10-01 19:28:24,485 [Worker-40: Building] WARN  o.a.m.s.f.DefaultMavenResourcesFiltering - Using platform encoding (UTF-8 actually) to copy filtered resources, i.e. build is platform dependent!
2024-10-01 19:28:24,486 [Worker-40: Building] INFO  o.a.m.s.f.DefaultMavenResourcesFiltering - Copying 2 resources from src\main\resources to target\classes
2024-10-01 19:28:24,489 [Worker-40: Building] INFO  o.e.m.c.i.embedder.EclipseLogger - Test Source directory: C:\Users\Tariq Naseem\Desktop\Java Lex Projects\Project4_Infy Training\InfyTraining(ScG)_To_Trainee\src\verification\java added.
2024-10-01 19:28:24,492 [Worker-40: Building] WARN  o.a.m.s.f.DefaultMavenResourcesFiltering - Using platform encoding (UTF-8 actually) to copy filtered resources, i.e. build is platform dependent!
2024-10-01 19:28:24,493 [Worker-40: Building] INFO  o.a.m.s.f.DefaultMavenResourcesFiltering - skip non existing resourceDirectory C:\Users\Tariq Naseem\Desktop\Java Lex Projects\Project4_Infy Training\InfyTraining(ScG)_To_Trainee\src\test\resources
2024-10-01 19:28:24,493 [Worker-40: Building] INFO  o.a.m.s.f.DefaultMavenResourcesFiltering - skip non existing resourceDirectory C:\Users\Tariq Naseem\Desktop\Java Lex Projects\Project4_Infy Training\InfyTraining(ScG)_To_Trainee\src\verification\resources
2024-10-01 19:28:46,434 [Worker-40: Building] WARN  o.a.m.s.f.DefaultMavenResourcesFiltering - Using platform encoding (UTF-8 actually) to copy filtered resources, i.e. build is platform dependent!
2024-10-01 19:28:46,437 [Worker-40: Building] INFO  o.a.m.s.f.DefaultMavenResourcesFiltering - Copying 2 resources from src\main\resources to target\classes
2024-10-01 19:28:46,439 [Worker-40: Building] INFO  o.e.m.c.i.embedder.EclipseLogger - Test Source directory: C:\Users\Tariq Naseem\Desktop\Java Lex Projects\Project4_Infy Training\InfyTraining(ScG)_To_Trainee\src\verification\java added.
2024-10-01 19:28:46,442 [Worker-40: Building] WARN  o.a.m.s.f.DefaultMavenResourcesFiltering - Using platform encoding (UTF-8 actually) to copy filtered resources, i.e. build is platform dependent!
2024-10-01 19:28:46,443 [Worker-40: Building] INFO  o.a.m.s.f.DefaultMavenResourcesFiltering - skip non existing resourceDirectory C:\Users\Tariq Naseem\Desktop\Java Lex Projects\Project4_Infy Training\InfyTraining(ScG)_To_Trainee\src\test\resources
2024-10-01 19:28:46,443 [Worker-40: Building] INFO  o.a.m.s.f.DefaultMavenResourcesFiltering - skip non existing resourceDirectory C:\Users\Tariq Naseem\Desktop\Java Lex Projects\Project4_Infy Training\InfyTraining(ScG)_To_Trainee\src\verification\resources
2024-10-01 19:28:50,010 [Worker-20: Building] WARN  o.a.m.s.f.DefaultMavenResourcesFiltering - Using platform encoding (UTF-8 actually) to copy filtered resources, i.e. build is platform dependent!
2024-10-01 19:28:50,011 [Worker-20: Building] INFO  o.a.m.s.f.DefaultMavenResourcesFiltering - Copying 2 resources from src\main\resources to target\classes
2024-10-01 19:28:50,014 [Worker-20: Building] INFO  o.e.m.c.i.embedder.EclipseLogger - Test Source directory: C:\Users\Tariq Naseem\Desktop\Java Lex Projects\Project4_Infy Training\InfyTraining(ScG)_To_Trainee\src\verification\java added.
2024-10-01 19:28:50,016 [Worker-20: Building] WARN  o.a.m.s.f.DefaultMavenResourcesFiltering - Using platform encoding (UTF-8 actually) to copy filtered resources, i.e. build is platform dependent!
2024-10-01 19:28:50,016 [Worker-20: Building] INFO  o.a.m.s.f.DefaultMavenResourcesFiltering - skip non existing resourceDirectory C:\Users\Tariq Naseem\Desktop\Java Lex Projects\Project4_Infy Training\InfyTraining(ScG)_To_Trainee\src\test\resources
2024-10-01 19:28:50,017 [Worker-20: Building] INFO  o.a.m.s.f.DefaultMavenResourcesFiltering - skip non existing resourceDirectory C:\Users\Tariq Naseem\Desktop\Java Lex Projects\Project4_Infy Training\InfyTraining(ScG)_To_Trainee\src\verification\resources
2024-10-01 19:29:18,630 [Worker-33: Building] WARN  o.a.m.s.f.DefaultMavenResourcesFiltering - Using platform encoding (UTF-8 actually) to copy filtered resources, i.e. build is platform dependent!
2024-10-01 19:29:18,631 [Worker-33: Building] INFO  o.a.m.s.f.DefaultMavenResourcesFiltering - Copying 2 resources from src\main\resources to target\classes
2024-10-01 19:29:18,634 [Worker-33: Building] INFO  o.e.m.c.i.embedder.EclipseLogger - Test Source directory: C:\Users\Tariq Naseem\Desktop\Java Lex Projects\Project4_Infy Training\InfyTraining(ScG)_To_Trainee\src\verification\java added.
2024-10-01 19:29:18,637 [Worker-33: Building] WARN  o.a.m.s.f.DefaultMavenResourcesFiltering - Using platform encoding (UTF-8 actually) to copy filtered resources, i.e. build is platform dependent!
2024-10-01 19:29:18,637 [Worker-33: Building] INFO  o.a.m.s.f.DefaultMavenResourcesFiltering - skip non existing resourceDirectory C:\Users\Tariq Naseem\Desktop\Java Lex Projects\Project4_Infy Training\InfyTraining(ScG)_To_Trainee\src\test\resources
2024-10-01 19:29:18,637 [Worker-33: Building] INFO  o.a.m.s.f.DefaultMavenResourcesFiltering - skip non existing resourceDirectory C:\Users\Tariq Naseem\Desktop\Java Lex Projects\Project4_Infy Training\InfyTraining(ScG)_To_Trainee\src\verification\resources
2024-10-01 19:29:51,731 [Worker-40: Building] WARN  o.a.m.s.f.DefaultMavenResourcesFiltering - Using platform encoding (UTF-8 actually) to copy filtered resources, i.e. build is platform dependent!
2024-10-01 19:29:51,733 [Worker-40: Building] INFO  o.a.m.s.f.DefaultMavenResourcesFiltering - Copying 2 resources from src\main\resources to target\classes
2024-10-01 19:29:51,736 [Worker-40: Building] INFO  o.e.m.c.i.embedder.EclipseLogger - Test Source directory: C:\Users\Tariq Naseem\Desktop\Java Lex Projects\Project4_Infy Training\InfyTraining(ScG)_To_Trainee\src\verification\java added.
2024-10-01 19:29:51,739 [Worker-40: Building] WARN  o.a.m.s.f.DefaultMavenResourcesFiltering - Using platform encoding (UTF-8 actually) to copy filtered resources, i.e. build is platform dependent!
2024-10-01 19:29:51,741 [Worker-40: Building] INFO  o.a.m.s.f.DefaultMavenResourcesFiltering - skip non existing resourceDirectory C:\Users\Tariq Naseem\Desktop\Java Lex Projects\Project4_Infy Training\InfyTraining(ScG)_To_Trainee\src\test\resources
2024-10-01 19:29:51,741 [Worker-40: Building] INFO  o.a.m.s.f.DefaultMavenResourcesFiltering - skip non existing resourceDirectory C:\Users\Tariq Naseem\Desktop\Java Lex Projects\Project4_Infy Training\InfyTraining(ScG)_To_Trainee\src\verification\resources
2024-10-01 19:30:25,653 [Worker-36: Building] WARN  o.a.m.s.f.DefaultMavenResourcesFiltering - Using platform encoding (UTF-8 actually) to copy filtered resources, i.e. build is platform dependent!
2024-10-01 19:30:25,655 [Worker-36: Building] INFO  o.a.m.s.f.DefaultMavenResourcesFiltering - Copying 2 resources from src\main\resources to target\classes
2024-10-01 19:30:25,658 [Worker-36: Building] INFO  o.e.m.c.i.embedder.EclipseLogger - Test Source directory: C:\Users\Tariq Naseem\Desktop\Java Lex Projects\Project4_Infy Training\InfyTraining(ScG)_To_Trainee\src\verification\java added.
2024-10-01 19:30:25,660 [Worker-36: Building] WARN  o.a.m.s.f.DefaultMavenResourcesFiltering - Using platform encoding (UTF-8 actually) to copy filtered resources, i.e. build is platform dependent!
2024-10-01 19:30:25,661 [Worker-36: Building] INFO  o.a.m.s.f.DefaultMavenResourcesFiltering - skip non existing resourceDirectory C:\Users\Tariq Naseem\Desktop\Java Lex Projects\Project4_Infy Training\InfyTraining(ScG)_To_Trainee\src\test\resources
2024-10-01 19:30:25,661 [Worker-36: Building] INFO  o.a.m.s.f.DefaultMavenResourcesFiltering - skip non existing resourceDirectory C:\Users\Tariq Naseem\Desktop\Java Lex Projects\Project4_Infy Training\InfyTraining(ScG)_To_Trainee\src\verification\resources
2024-10-01 19:30:43,478 [Worker-40: Building] WARN  o.a.m.s.f.DefaultMavenResourcesFiltering - Using platform encoding (UTF-8 actually) to copy filtered resources, i.e. build is platform dependent!
2024-10-01 19:30:43,480 [Worker-40: Building] INFO  o.a.m.s.f.DefaultMavenResourcesFiltering - Copying 2 resources from src\main\resources to target\classes
2024-10-01 19:30:43,482 [Worker-40: Building] INFO  o.e.m.c.i.embedder.EclipseLogger - Test Source directory: C:\Users\Tariq Naseem\Desktop\Java Lex Projects\Project4_Infy Training\InfyTraining(ScG)_To_Trainee\src\verification\java added.
2024-10-01 19:30:43,485 [Worker-40: Building] WARN  o.a.m.s.f.DefaultMavenResourcesFiltering - Using platform encoding (UTF-8 actually) to copy filtered resources, i.e. build is platform dependent!
2024-10-01 19:30:43,486 [Worker-40: Building] INFO  o.a.m.s.f.DefaultMavenResourcesFiltering - skip non existing resourceDirectory C:\Users\Tariq Naseem\Desktop\Java Lex Projects\Project4_Infy Training\InfyTraining(ScG)_To_Trainee\src\test\resources
2024-10-01 19:30:43,486 [Worker-40: Building] INFO  o.a.m.s.f.DefaultMavenResourcesFiltering - skip non existing resourceDirectory C:\Users\Tariq Naseem\Desktop\Java Lex Projects\Project4_Infy Training\InfyTraining(ScG)_To_Trainee\src\verification\resources
2024-10-01 19:30:55,426 [Worker-20: Building] WARN  o.a.m.s.f.DefaultMavenResourcesFiltering - Using platform encoding (UTF-8 actually) to copy filtered resources, i.e. build is platform dependent!
2024-10-01 19:30:55,428 [Worker-20: Building] INFO  o.a.m.s.f.DefaultMavenResourcesFiltering - Copying 2 resources from src\main\resources to target\classes
2024-10-01 19:30:55,431 [Worker-20: Building] INFO  o.e.m.c.i.embedder.EclipseLogger - Test Source directory: C:\Users\Tariq Naseem\Desktop\Java Lex Projects\Project4_Infy Training\InfyTraining(ScG)_To_Trainee\src\verification\java added.
2024-10-01 19:30:55,433 [Worker-20: Building] WARN  o.a.m.s.f.DefaultMavenResourcesFiltering - Using platform encoding (UTF-8 actually) to copy filtered resources, i.e. build is platform dependent!
2024-10-01 19:30:55,434 [Worker-20: Building] INFO  o.a.m.s.f.DefaultMavenResourcesFiltering - skip non existing resourceDirectory C:\Users\Tariq Naseem\Desktop\Java Lex Projects\Project4_Infy Training\InfyTraining(ScG)_To_Trainee\src\test\resources
2024-10-01 19:30:55,434 [Worker-20: Building] INFO  o.a.m.s.f.DefaultMavenResourcesFiltering - skip non existing resourceDirectory C:\Users\Tariq Naseem\Desktop\Java Lex Projects\Project4_Infy Training\InfyTraining(ScG)_To_Trainee\src\verification\resources
2024-10-01 19:31:10,769 [Worker-20: Building] WARN  o.a.m.s.f.DefaultMavenResourcesFiltering - Using platform encoding (UTF-8 actually) to copy filtered resources, i.e. build is platform dependent!
2024-10-01 19:31:10,771 [Worker-20: Building] INFO  o.a.m.s.f.DefaultMavenResourcesFiltering - Copying 2 resources from src\main\resources to target\classes
2024-10-01 19:31:10,773 [Worker-20: Building] INFO  o.e.m.c.i.embedder.EclipseLogger - Test Source directory: C:\Users\Tariq Naseem\Desktop\Java Lex Projects\Project4_Infy Training\InfyTraining(ScG)_To_Trainee\src\verification\java added.
2024-10-01 19:31:10,775 [Worker-20: Building] WARN  o.a.m.s.f.DefaultMavenResourcesFiltering - Using platform encoding (UTF-8 actually) to copy filtered resources, i.e. build is platform dependent!
2024-10-01 19:31:10,776 [Worker-20: Building] INFO  o.a.m.s.f.DefaultMavenResourcesFiltering - skip non existing resourceDirectory C:\Users\Tariq Naseem\Desktop\Java Lex Projects\Project4_Infy Training\InfyTraining(ScG)_To_Trainee\src\test\resources
2024-10-01 19:31:10,776 [Worker-20: Building] INFO  o.a.m.s.f.DefaultMavenResourcesFiltering - skip non existing resourceDirectory C:\Users\Tariq Naseem\Desktop\Java Lex Projects\Project4_Infy Training\InfyTraining(ScG)_To_Trainee\src\verification\resources
2024-10-01 19:32:10,543 [Worker-20: Building] WARN  o.a.m.s.f.DefaultMavenResourcesFiltering - Using platform encoding (UTF-8 actually) to copy filtered resources, i.e. build is platform dependent!
2024-10-01 19:32:10,545 [Worker-20: Building] INFO  o.a.m.s.f.DefaultMavenResourcesFiltering - Copying 2 resources from src\main\resources to target\classes
2024-10-01 19:32:10,548 [Worker-20: Building] INFO  o.e.m.c.i.embedder.EclipseLogger - Test Source directory: C:\Users\Tariq Naseem\Desktop\Java Lex Projects\Project4_Infy Training\InfyTraining(ScG)_To_Trainee\src\verification\java added.
2024-10-01 19:32:10,550 [Worker-20: Building] WARN  o.a.m.s.f.DefaultMavenResourcesFiltering - Using platform encoding (UTF-8 actually) to copy filtered resources, i.e. build is platform dependent!
2024-10-01 19:32:10,551 [Worker-20: Building] INFO  o.a.m.s.f.DefaultMavenResourcesFiltering - skip non existing resourceDirectory C:\Users\Tariq Naseem\Desktop\Java Lex Projects\Project4_Infy Training\InfyTraining(ScG)_To_Trainee\src\test\resources
2024-10-01 19:32:10,551 [Worker-20: Building] INFO  o.a.m.s.f.DefaultMavenResourcesFiltering - skip non existing resourceDirectory C:\Users\Tariq Naseem\Desktop\Java Lex Projects\Project4_Infy Training\InfyTraining(ScG)_To_Trainee\src\verification\resources
2024-10-01 19:32:27,005 [Worker-39: Building] WARN  o.a.m.s.f.DefaultMavenResourcesFiltering - Using platform encoding (UTF-8 actually) to copy filtered resources, i.e. build is platform dependent!
2024-10-01 19:32:27,007 [Worker-39: Building] INFO  o.a.m.s.f.DefaultMavenResourcesFiltering - Copying 2 resources from src\main\resources to target\classes
2024-10-01 19:32:27,009 [Worker-39: Building] INFO  o.e.m.c.i.embedder.EclipseLogger - Test Source directory: C:\Users\Tariq Naseem\Desktop\Java Lex Projects\Project4_Infy Training\InfyTraining(ScG)_To_Trainee\src\verification\java added.
2024-10-01 19:32:27,012 [Worker-39: Building] WARN  o.a.m.s.f.DefaultMavenResourcesFiltering - Using platform encoding (UTF-8 actually) to copy filtered resources, i.e. build is platform dependent!
2024-10-01 19:32:27,013 [Worker-39: Building] INFO  o.a.m.s.f.DefaultMavenResourcesFiltering - skip non existing resourceDirectory C:\Users\Tariq Naseem\Desktop\Java Lex Projects\Project4_Infy Training\InfyTraining(ScG)_To_Trainee\src\test\resources
2024-10-01 19:32:27,013 [Worker-39: Building] INFO  o.a.m.s.f.DefaultMavenResourcesFiltering - skip non existing resourceDirectory C:\Users\Tariq Naseem\Desktop\Java Lex Projects\Project4_Infy Training\InfyTraining(ScG)_To_Trainee\src\verification\resources
2024-10-01 19:32:41,141 [Worker-40: Building] WARN  o.a.m.s.f.DefaultMavenResourcesFiltering - Using platform encoding (UTF-8 actually) to copy filtered resources, i.e. build is platform dependent!
2024-10-01 19:32:41,143 [Worker-40: Building] INFO  o.a.m.s.f.DefaultMavenResourcesFiltering - Copying 2 resources from src\main\resources to target\classes
2024-10-01 19:32:41,145 [Worker-40: Building] INFO  o.e.m.c.i.embedder.EclipseLogger - Test Source directory: C:\Users\Tariq Naseem\Desktop\Java Lex Projects\Project4_Infy Training\InfyTraining(ScG)_To_Trainee\src\verification\java added.
2024-10-01 19:32:41,147 [Worker-40: Building] WARN  o.a.m.s.f.DefaultMavenResourcesFiltering - Using platform encoding (UTF-8 actually) to copy filtered resources, i.e. build is platform dependent!
2024-10-01 19:32:41,148 [Worker-40: Building] INFO  o.a.m.s.f.DefaultMavenResourcesFiltering - skip non existing resourceDirectory C:\Users\Tariq Naseem\Desktop\Java Lex Projects\Project4_Infy Training\InfyTraining(ScG)_To_Trainee\src\test\resources
2024-10-01 19:32:41,148 [Worker-40: Building] INFO  o.a.m.s.f.DefaultMavenResourcesFiltering - skip non existing resourceDirectory C:\Users\Tariq Naseem\Desktop\Java Lex Projects\Project4_Infy Training\InfyTraining(ScG)_To_Trainee\src\verification\resources
2024-10-01 19:32:58,868 [Worker-40: Building] WARN  o.a.m.s.f.DefaultMavenResourcesFiltering - Using platform encoding (UTF-8 actually) to copy filtered resources, i.e. build is platform dependent!
2024-10-01 19:32:58,870 [Worker-40: Building] INFO  o.a.m.s.f.DefaultMavenResourcesFiltering - Copying 2 resources from src\main\resources to target\classes
2024-10-01 19:32:58,872 [Worker-40: Building] INFO  o.e.m.c.i.embedder.EclipseLogger - Test Source directory: C:\Users\Tariq Naseem\Desktop\Java Lex Projects\Project4_Infy Training\InfyTraining(ScG)_To_Trainee\src\verification\java added.
2024-10-01 19:32:58,874 [Worker-40: Building] WARN  o.a.m.s.f.DefaultMavenResourcesFiltering - Using platform encoding (UTF-8 actually) to copy filtered resources, i.e. build is platform dependent!
2024-10-01 19:32:58,875 [Worker-40: Building] INFO  o.a.m.s.f.DefaultMavenResourcesFiltering - skip non existing resourceDirectory C:\Users\Tariq Naseem\Desktop\Java Lex Projects\Project4_Infy Training\InfyTraining(ScG)_To_Trainee\src\test\resources
2024-10-01 19:32:58,875 [Worker-40: Building] INFO  o.a.m.s.f.DefaultMavenResourcesFiltering - skip non existing resourceDirectory C:\Users\Tariq Naseem\Desktop\Java Lex Projects\Project4_Infy Training\InfyTraining(ScG)_To_Trainee\src\verification\resources
2024-10-01 19:33:28,936 [Worker-37: Building] WARN  o.a.m.s.f.DefaultMavenResourcesFiltering - Using platform encoding (UTF-8 actually) to copy filtered resources, i.e. build is platform dependent!
2024-10-01 19:33:28,937 [Worker-37: Building] INFO  o.a.m.s.f.DefaultMavenResourcesFiltering - Copying 2 resources from src\main\resources to target\classes
2024-10-01 19:33:28,940 [Worker-37: Building] INFO  o.e.m.c.i.embedder.EclipseLogger - Test Source directory: C:\Users\Tariq Naseem\Desktop\Java Lex Projects\Project4_Infy Training\InfyTraining(ScG)_To_Trainee\src\verification\java added.
2024-10-01 19:33:28,942 [Worker-37: Building] WARN  o.a.m.s.f.DefaultMavenResourcesFiltering - Using platform encoding (UTF-8 actually) to copy filtered resources, i.e. build is platform dependent!
2024-10-01 19:33:28,943 [Worker-37: Building] INFO  o.a.m.s.f.DefaultMavenResourcesFiltering - skip non existing resourceDirectory C:\Users\Tariq Naseem\Desktop\Java Lex Projects\Project4_Infy Training\InfyTraining(ScG)_To_Trainee\src\test\resources
2024-10-01 19:33:28,943 [Worker-37: Building] INFO  o.a.m.s.f.DefaultMavenResourcesFiltering - skip non existing resourceDirectory C:\Users\Tariq Naseem\Desktop\Java Lex Projects\Project4_Infy Training\InfyTraining(ScG)_To_Trainee\src\verification\resources
2024-10-01 19:33:35,118 [Worker-37: Building] WARN  o.a.m.s.f.DefaultMavenResourcesFiltering - Using platform encoding (UTF-8 actually) to copy filtered resources, i.e. build is platform dependent!
2024-10-01 19:33:35,120 [Worker-37: Building] INFO  o.a.m.s.f.DefaultMavenResourcesFiltering - Copying 2 resources from src\main\resources to target\classes
2024-10-01 19:33:35,122 [Worker-37: Building] INFO  o.e.m.c.i.embedder.EclipseLogger - Test Source directory: C:\Users\Tariq Naseem\Desktop\Java Lex Projects\Project4_Infy Training\InfyTraining(ScG)_To_Trainee\src\verification\java added.
2024-10-01 19:33:35,124 [Worker-37: Building] WARN  o.a.m.s.f.DefaultMavenResourcesFiltering - Using platform encoding (UTF-8 actually) to copy filtered resources, i.e. build is platform dependent!
2024-10-01 19:33:35,125 [Worker-37: Building] INFO  o.a.m.s.f.DefaultMavenResourcesFiltering - skip non existing resourceDirectory C:\Users\Tariq Naseem\Desktop\Java Lex Projects\Project4_Infy Training\InfyTraining(ScG)_To_Trainee\src\test\resources
2024-10-01 19:33:35,125 [Worker-37: Building] INFO  o.a.m.s.f.DefaultMavenResourcesFiltering - skip non existing resourceDirectory C:\Users\Tariq Naseem\Desktop\Java Lex Projects\Project4_Infy Training\InfyTraining(ScG)_To_Trainee\src\verification\resources
2024-10-01 19:34:01,442 [Worker-33: Building] WARN  o.a.m.s.f.DefaultMavenResourcesFiltering - Using platform encoding (UTF-8 actually) to copy filtered resources, i.e. build is platform dependent!
2024-10-01 19:34:01,444 [Worker-33: Building] INFO  o.a.m.s.f.DefaultMavenResourcesFiltering - Copying 1 resource from src\main\resources to target\classes
2024-10-01 19:34:01,449 [Worker-33: Building] INFO  o.e.m.c.i.embedder.EclipseLogger - Test Source directory: C:\Users\Tariq Naseem\Desktop\Java Lex Projects\Project4_Infy Training\InfyTraining(ScG)_To_Trainee\src\verification\java added.
2024-10-01 19:34:01,451 [Worker-33: Building] WARN  o.a.m.s.f.DefaultMavenResourcesFiltering - Using platform encoding (UTF-8 actually) to copy filtered resources, i.e. build is platform dependent!
2024-10-01 19:34:01,452 [Worker-33: Building] INFO  o.a.m.s.f.DefaultMavenResourcesFiltering - skip non existing resourceDirectory C:\Users\Tariq Naseem\Desktop\Java Lex Projects\Project4_Infy Training\InfyTraining(ScG)_To_Trainee\src\test\resources
2024-10-01 19:34:01,452 [Worker-33: Building] INFO  o.a.m.s.f.DefaultMavenResourcesFiltering - skip non existing resourceDirectory C:\Users\Tariq Naseem\Desktop\Java Lex Projects\Project4_Infy Training\InfyTraining(ScG)_To_Trainee\src\verification\resources
2024-10-01 19:34:09,741 [Worker-33: Building] WARN  o.a.m.s.f.DefaultMavenResourcesFiltering - Using platform encoding (UTF-8 actually) to copy filtered resources, i.e. build is platform dependent!
2024-10-01 19:34:09,743 [Worker-33: Building] INFO  o.a.m.s.f.DefaultMavenResourcesFiltering - Copying 1 resource from src\main\resources to target\classes
2024-10-01 19:34:09,748 [Worker-33: Building] INFO  o.e.m.c.i.embedder.EclipseLogger - Test Source directory: C:\Users\Tariq Naseem\Desktop\Java Lex Projects\Project4_Infy Training\InfyTraining(ScG)_To_Trainee\src\verification\java added.
2024-10-01 19:34:09,751 [Worker-33: Building] WARN  o.a.m.s.f.DefaultMavenResourcesFiltering - Using platform encoding (UTF-8 actually) to copy filtered resources, i.e. build is platform dependent!
2024-10-01 19:34:09,752 [Worker-33: Building] INFO  o.a.m.s.f.DefaultMavenResourcesFiltering - skip non existing resourceDirectory C:\Users\Tariq Naseem\Desktop\Java Lex Projects\Project4_Infy Training\InfyTraining(ScG)_To_Trainee\src\test\resources
2024-10-01 19:34:09,752 [Worker-33: Building] INFO  o.a.m.s.f.DefaultMavenResourcesFiltering - skip non existing resourceDirectory C:\Users\Tariq Naseem\Desktop\Java Lex Projects\Project4_Infy Training\InfyTraining(ScG)_To_Trainee\src\verification\resources
2024-10-01 19:34:47,106 [Worker-39: Building] WARN  o.a.m.s.f.DefaultMavenResourcesFiltering - Using platform encoding (UTF-8 actually) to copy filtered resources, i.e. build is platform dependent!
2024-10-01 19:34:47,107 [Worker-39: Building] INFO  o.a.m.s.f.DefaultMavenResourcesFiltering - Copying 0 resource from src\main\resources to target\classes
2024-10-01 19:34:47,109 [Worker-39: Building] INFO  o.e.m.c.i.embedder.EclipseLogger - Test Source directory: C:\Users\Tariq Naseem\Desktop\Java Lex Projects\Project4_Infy Training\InfyTraining(ScG)_To_Trainee\src\verification\java added.
2024-10-01 19:34:47,111 [Worker-39: Building] WARN  o.a.m.s.f.DefaultMavenResourcesFiltering - Using platform encoding (UTF-8 actually) to copy filtered resources, i.e. build is platform dependent!
2024-10-01 19:34:47,112 [Worker-39: Building] INFO  o.a.m.s.f.DefaultMavenResourcesFiltering - skip non existing resourceDirectory C:\Users\Tariq Naseem\Desktop\Java Lex Projects\Project4_Infy Training\InfyTraining(ScG)_To_Trainee\src\test\resources
2024-10-01 19:34:47,112 [Worker-39: Building] INFO  o.a.m.s.f.DefaultMavenResourcesFiltering - skip non existing resourceDirectory C:\Users\Tariq Naseem\Desktop\Java Lex Projects\Project4_Infy Training\InfyTraining(ScG)_To_Trainee\src\verification\resources
2024-10-01 19:34:51,996 [Worker-39: Building] WARN  o.a.m.s.f.DefaultMavenResourcesFiltering - Using platform encoding (UTF-8 actually) to copy filtered resources, i.e. build is platform dependent!
2024-10-01 19:34:51,999 [Worker-39: Building] INFO  o.a.m.s.f.DefaultMavenResourcesFiltering - Copying 0 resource from src\main\resources to target\classes
2024-10-01 19:34:52,000 [Worker-39: Building] INFO  o.e.m.c.i.embedder.EclipseLogger - Test Source directory: C:\Users\Tariq Naseem\Desktop\Java Lex Projects\Project4_Infy Training\InfyTraining(ScG)_To_Trainee\src\verification\java added.
2024-10-01 19:34:52,003 [Worker-39: Building] WARN  o.a.m.s.f.DefaultMavenResourcesFiltering - Using platform encoding (UTF-8 actually) to copy filtered resources, i.e. build is platform dependent!
2024-10-01 19:34:52,004 [Worker-39: Building] INFO  o.a.m.s.f.DefaultMavenResourcesFiltering - skip non existing resourceDirectory C:\Users\Tariq Naseem\Desktop\Java Lex Projects\Project4_Infy Training\InfyTraining(ScG)_To_Trainee\src\test\resources
2024-10-01 19:34:52,004 [Worker-39: Building] INFO  o.a.m.s.f.DefaultMavenResourcesFiltering - skip non existing resourceDirectory C:\Users\Tariq Naseem\Desktop\Java Lex Projects\Project4_Infy Training\InfyTraining(ScG)_To_Trainee\src\verification\resources
2024-10-01 19:35:01,959 [Worker-37: Building] WARN  o.a.m.s.f.DefaultMavenResourcesFiltering - Using platform encoding (UTF-8 actually) to copy filtered resources, i.e. build is platform dependent!
2024-10-01 19:35:01,961 [Worker-37: Building] INFO  o.a.m.s.f.DefaultMavenResourcesFiltering - Copying 0 resource from src\main\resources to target\classes
2024-10-01 19:35:01,963 [Worker-37: Building] INFO  o.e.m.c.i.embedder.EclipseLogger - Test Source directory: C:\Users\Tariq Naseem\Desktop\Java Lex Projects\Project4_Infy Training\InfyTraining(ScG)_To_Trainee\src\verification\java added.
2024-10-01 19:35:01,965 [Worker-37: Building] WARN  o.a.m.s.f.DefaultMavenResourcesFiltering - Using platform encoding (UTF-8 actually) to copy filtered resources, i.e. build is platform dependent!
2024-10-01 19:35:01,965 [Worker-37: Building] INFO  o.a.m.s.f.DefaultMavenResourcesFiltering - skip non existing resourceDirectory C:\Users\Tariq Naseem\Desktop\Java Lex Projects\Project4_Infy Training\InfyTraining(ScG)_To_Trainee\src\test\resources
2024-10-01 19:35:01,966 [Worker-37: Building] INFO  o.a.m.s.f.DefaultMavenResourcesFiltering - skip non existing resourceDirectory C:\Users\Tariq Naseem\Desktop\Java Lex Projects\Project4_Infy Training\InfyTraining(ScG)_To_Trainee\src\verification\resources
2024-10-01 19:35:08,818 [Worker-33: Building] WARN  o.a.m.s.f.DefaultMavenResourcesFiltering - Using platform encoding (UTF-8 actually) to copy filtered resources, i.e. build is platform dependent!
2024-10-01 19:35:08,819 [Worker-33: Building] INFO  o.a.m.s.f.DefaultMavenResourcesFiltering - Copying 0 resource from src\main\resources to target\classes
2024-10-01 19:35:08,820 [Worker-33: Building] INFO  o.e.m.c.i.embedder.EclipseLogger - Test Source directory: C:\Users\Tariq Naseem\Desktop\Java Lex Projects\Project4_Infy Training\InfyTraining(ScG)_To_Trainee\src\verification\java added.
2024-10-01 19:35:08,822 [Worker-33: Building] WARN  o.a.m.s.f.DefaultMavenResourcesFiltering - Using platform encoding (UTF-8 actually) to copy filtered resources, i.e. build is platform dependent!
2024-10-01 19:35:08,823 [Worker-33: Building] INFO  o.a.m.s.f.DefaultMavenResourcesFiltering - skip non existing resourceDirectory C:\Users\Tariq Naseem\Desktop\Java Lex Projects\Project4_Infy Training\InfyTraining(ScG)_To_Trainee\src\test\resources
2024-10-01 19:35:08,823 [Worker-33: Building] INFO  o.a.m.s.f.DefaultMavenResourcesFiltering - skip non existing resourceDirectory C:\Users\Tariq Naseem\Desktop\Java Lex Projects\Project4_Infy Training\InfyTraining(ScG)_To_Trainee\src\verification\resources
